2024-04-07 14:43:04,761 INFO notifyConnectTimeout:100

2024-04-07 14:43:04,763 INFO notifySocketTimeout:200

2024-04-07 14:43:04,763 INFO isHealthCheck:true

2024-04-07 14:43:04,763 INFO maxHealthCheckFailCount:12

2024-04-07 14:43:04,763 INFO maxContent:10485760

2024-04-07 14:43:12,403 WARN DumpService start

2024-04-07 14:43:12,403 INFO start clear all config-info.

2024-04-07 14:43:12,404 INFO clear all config-info success.

2024-04-07 14:43:12,404 INFO clear all config-info-tenant success.

2024-04-07 14:43:12,457 INFO All dump page size is set to 50 according to mem limit 8796093022207 MB

2024-04-07 14:43:12,457 INFO start dump all config-info...

2024-04-07 14:43:12,457 INFO success to  dump all config-info。

2024-04-07 14:43:12,457 INFO start clear all config-info-beta.

2024-04-07 14:43:12,457 INFO clear all config-info-beta success.

2024-04-07 14:43:12,457 INFO clear all config-info-beta-tenant success.

2024-04-07 14:43:12,470 INFO start clear all config-info-tag.

2024-04-07 14:43:12,470 INFO clear all config-info-tag success.

2024-04-07 14:43:12,470 INFO clear all config-info-tag-tenant success.

2024-04-07 14:55:11,620 INFO notifyConnectTimeout:100

2024-04-07 14:55:11,622 INFO notifySocketTimeout:200

2024-04-07 14:55:11,622 INFO isHealthCheck:true

2024-04-07 14:55:11,622 INFO maxHealthCheckFailCount:12

2024-04-07 14:55:11,622 INFO maxContent:10485760

2024-04-07 14:55:15,151 WARN DumpService start

2024-04-07 14:55:15,152 INFO start clear all config-info.

2024-04-07 14:55:15,152 INFO clear all config-info success.

2024-04-07 14:55:15,152 INFO clear all config-info-tenant success.

2024-04-07 14:55:15,221 INFO All dump page size is set to 50 according to mem limit 8796093022207 MB

2024-04-07 14:55:15,221 INFO start dump all config-info...

2024-04-07 14:55:15,221 INFO success to  dump all config-info。

2024-04-07 14:55:15,221 INFO start clear all config-info-beta.

2024-04-07 14:55:15,221 INFO clear all config-info-beta success.

2024-04-07 14:55:15,221 INFO clear all config-info-beta-tenant success.

2024-04-07 14:55:15,234 INFO start clear all config-info-tag.

2024-04-07 14:55:15,234 INFO clear all config-info-tag success.

2024-04-07 14:55:15,234 INFO clear all config-info-tag-tenant success.

