2024-04-07 14:43:07,594 INFO use local db service for init

2024-04-07 14:43:10,369 WARN Lexical error at line 4, column 66.  Encountered: <EOF> after : "".

2024-04-07 14:43:10,371 WARN Syntax error: Encountered "*" at line 1, column 1.

2024-04-07 14:43:12,215 WARN Lexical error at line 4, column 13.  Encountered: "`" (96), after : "".

2024-04-07 14:43:12,215 WARN Lexical error at line 1, column 13.  Encountered: "`" (96), after : "".

2024-04-07 14:43:12,215 WARN Lexical error at line 1, column 13.  Encountered: "`" (96), after : "".

2024-04-07 14:43:12,216 WARN Lexical error at line 1, column 13.  Encountered: "`" (96), after : "".

2024-04-07 14:43:12,216 INFO use StandaloneDatabaseOperateImpl

2024-04-07 14:55:14,074 INFO use local db service for init

2024-04-07 14:55:14,659 WARN Lexical error at line 4, column 66.  Encountered: <EOF> after : "".

2024-04-07 14:55:14,660 WARN Syntax error: Encountered "*" at line 1, column 1.

2024-04-07 14:55:14,706 WARN Table/View 'CONFIG_INFO' already exists in Schema 'NACOS'.

2024-04-07 14:55:14,744 WARN Table/View 'HIS_CONFIG_INFO' already exists in Schema 'NACOS'.

2024-04-07 14:55:14,763 WARN Table/View 'CONFIG_INFO_BETA' already exists in Schema 'NACOS'.

2024-04-07 14:55:14,771 WARN Table/View 'CONFIG_INFO_TAG' already exists in Schema 'NACOS'.

2024-04-07 14:55:14,785 WARN Table/View 'CONFIG_INFO_AGGR' already exists in Schema 'NACOS'.

2024-04-07 14:55:14,800 WARN Table/View 'APP_LIST' already exists in Schema 'NACOS'.

2024-04-07 14:55:14,822 WARN Table/View 'APP_CONFIGDATA_RELATION_SUBS' already exists in Schema 'NACOS'.

2024-04-07 14:55:14,837 WARN Table/View 'APP_CONFIGDATA_RELATION_PUBS' already exists in Schema 'NACOS'.

2024-04-07 14:55:14,850 WARN Table/View 'CONFIG_TAGS_RELATION' already exists in Schema 'NACOS'.

2024-04-07 14:55:14,866 WARN Table/View 'GROUP_CAPACITY' already exists in Schema 'NACOS'.

2024-04-07 14:55:14,881 WARN Table/View 'TENANT_CAPACITY' already exists in Schema 'NACOS'.

2024-04-07 14:55:14,896 WARN Table/View 'TENANT_INFO' already exists in Schema 'NACOS'.

2024-04-07 14:55:14,913 WARN Table/View 'USERS' already exists in Schema 'NACOS'.

2024-04-07 14:55:14,927 WARN Table/View 'ROLES' already exists in Schema 'NACOS'.

2024-04-07 14:55:14,942 WARN Table/View 'PERMISSIONS' already exists in Schema 'NACOS'.

2024-04-07 14:55:14,971 WARN The statement was aborted because it would have caused a duplicate key value in a unique or primary key constraint or unique index identified by 'SQL240407144312000' defined on 'USERS'.

2024-04-07 14:55:14,975 WARN The statement was aborted because it would have caused a duplicate key value in a unique or primary key constraint or unique index identified by 'UK_USERNAME_ROLE' defined on 'ROLES'.

2024-04-07 14:55:14,975 WARN Lexical error at line 4, column 13.  Encountered: "`" (96), after : "".

2024-04-07 14:55:14,976 WARN Lexical error at line 1, column 13.  Encountered: "`" (96), after : "".

2024-04-07 14:55:14,976 WARN Lexical error at line 1, column 13.  Encountered: "`" (96), after : "".

2024-04-07 14:55:14,976 WARN Lexical error at line 1, column 13.  Encountered: "`" (96), after : "".

2024-04-07 14:55:14,976 INFO use StandaloneDatabaseOperateImpl

